Compiled admins/jquery-1.8.2.min.js  (1ms)  (pid 5610)
Compiled admins/bootstrap.js  (0ms)  (pid 5610)
Compiled admins/jquery.placeholder.js  (0ms)  (pid 5610)
Compiled admins/jquery.mousewheel.js  (0ms)  (pid 5610)
Compiled admins/template.js  (0ms)  (pid 5610)
Compiled admins/setup.js  (0ms)  (pid 5610)
Compiled admins/customizer.js  (0ms)  (pid 5610)
Compiled admins/jquery.uniform.js  (0ms)  (pid 5610)
Compiled admins/jquery-ui-1.8.24.js  (1ms)  (pid 5610)
Compiled admins/jquery-ui.custom.js  (0ms)  (pid 5610)
Compiled admins/jquery-ui-timepicker.js  (0ms)  (pid 5610)
Compiled admins/jquery.ui.touch-punch.js  (0ms)  (pid 5610)
Compiled admins/excanvas.js  (0ms)  (pid 5610)
Compiled admins/jquery.flot.js  (1ms)  (pid 5610)
Compiled admins/plugins/jquery.flot.tooltip.min.js  (0ms)  (pid 5610)
Compiled admins/plugins/jquery.flot.pie.min.js  (0ms)  (pid 5610)
Compiled admins/plugins/jquery.flot.resize.min.js  (0ms)  (pid 5610)
Compiled admins/circular-stat.js  (0ms)  (pid 5610)
Compiled admins/jquery.sparkline.js  (1ms)  (pid 5610)
Compiled admins/jquery.ibutton.js  (0ms)  (pid 5610)
Compiled admins/fullcalendar.js  (1ms)  (pid 5610)
Compiled admins/jquery.dataTables.js  (31ms)  (pid 5610)
Compiled admins/TableTools/TableTools.js  (0ms)  (pid 5610)
Compiled admins/dataTables.bootstrap.js  (0ms)  (pid 5610)
Compiled admins/dashboard.js  (0ms)  (pid 5610)
Compiled admins/jquery.validate.min.js  (0ms)  (pid 5610)
Compiled admins/wizard.min.js  (0ms)  (pid 5610)
Compiled admins/jquery.form.min.js  (0ms)  (pid 5610)
Compiled admins/form_wizard.js  (0ms)  (pid 5610)
Compiled jquery.js  (4ms)  (pid 5610)
Compiled jquery-ui.js  (4ms)  (pid 5610)
Compiled jquery_ujs.js  (1ms)  (pid 5610)
Compiled jquery-ui-timepicker-addon.js  (2ms)  (pid 5610)
Compiled jquery/active_scaffold.js  (1ms)  (pid 5610)
Compiled jquery/jquery.editinplace.js  (1ms)  (pid 5610)
ActiveScaffold: Missing date picker localization for your locale: en
